This file contains any messages produced by compilers while
running configure, to aid debugging if configure makes a mistake.

It was created by configure, which was
generated by GNU Autoconf 2.61.  Invocation command line was

  $ ./configure 

## --------- ##
## Platform. ##
## --------- ##

hostname = master
uname -m = i686
uname -r = 2.6.18-194.el5
uname -s = Linux
uname -v = #1 SMP Tue Mar 16 21:52:43 EDT 2010

/usr/bin/uname -p = unknown
/bin/uname -X     = unknown

/bin/arch              = i686
/usr/bin/arch -k       = unknown
/usr/convex/getsysinfo = unknown
/usr/bin/hostinfo      = unknown
/bin/machine           = unknown
/usr/bin/oslevel       = unknown
/bin/universe          = unknown

PATH: /root/apache-maven-3.1.1/bin
PATH: /opt/puppet/sbin
PATH: /opt/puppet/bin
PATH: /usr/kerberos/sbin
PATH: /usr/kerberos/bin
PATH: /usr/local/sbin
PATH: /usr/local/bin
PATH: /sbin
PATH: /bin
PATH: /usr/sbin
PATH: /usr/bin
PATH: /root/bin


## ----------- ##
## Core tests. ##
## ----------- ##

configure:1759: checking for a BSD-compatible install
configure:1815: result: /usr/bin/install -c
configure:1826: checking whether build environment is sane
configure:1869: result: yes
configure:1893: WARNING: `missing' script is too old or missing
configure:1934: checking for gawk
configure:1950: found /bin/gawk
configure:1961: result: gawk
configure:1972: checking whether make sets $(MAKE)
configure:1993: result: yes
configure:2232: checking for gcc
configure:2248: found /usr/bin/gcc
configure:2259: result: gcc
configure:2497: checking for C compiler version
configure:2504: gcc --version >&5
gcc (GCC) 4.1.2 20080704 (Red Hat 4.1.2-48)
Copyright (C) 2006 Free Software Foundation, Inc.
This is free software; see the source for copying conditions.  There is NO
warranty; not even for MERCHANTABILITY or FITNESS FOR A PARTICULAR PURPOSE.

configure:2507: $? = 0
configure:2514: gcc -v >&5
Using built-in specs.
Target: i386-redhat-linux
Configured with: ../configure --prefix=/usr --mandir=/usr/share/man --infodir=/usr/share/info --enable-shared --enable-threads=posix --enable-checking=release --with-system-zlib --enable-__cxa_atexit --disable-libunwind-exceptions --enable-libgcj-multifile --enable-languages=c,c++,objc,obj-c++,java,fortran,ada --enable-java-awt=gtk --disable-dssi --enable-plugin --with-java-home=/usr/lib/jvm/java-1.4.2-gcj-1.4.2.0/jre --with-cpu=generic --host=i386-redhat-linux
Thread model: posix
gcc version 4.1.2 20080704 (Red Hat 4.1.2-48)
configure:2517: $? = 0
configure:2524: gcc -V >&5
gcc: '-V' option must have argument
configure:2527: $? = 1
configure:2550: checking for C compiler default output file name
configure:2577: gcc    conftest.c  >&5
configure:2580: $? = 0
configure:2618: result: a.out
configure:2635: checking whether the C compiler works
configure:2645: ./a.out
configure:2648: $? = 0
configure:2665: result: yes
configure:2672: checking whether we are cross compiling
configure:2674: result: no
configure:2677: checking for suffix of executables
configure:2684: gcc -o conftest    conftest.c  >&5
configure:2687: $? = 0
configure:2711: result: 
configure:2717: checking for suffix of object files
configure:2743: gcc -c   conftest.c >&5
configure:2746: $? = 0
configure:2769: result: o
configure:2773: checking whether we are using the GNU C compiler
configure:2802: gcc -c   conftest.c >&5
configure:2808: $? = 0
configure:2825: result: yes
configure:2830: checking whether gcc accepts -g
configure:2860: gcc -c -g  conftest.c >&5
configure:2866: $? = 0
configure:2965: result: yes
configure:2982: checking for gcc option to accept ISO C89
configure:3056: gcc  -c -g -O2  conftest.c >&5
configure:3062: $? = 0
configure:3085: result: none needed
configure:3114: checking for style of include used by make
configure:3142: result: GNU
configure:3170: checking dependency style of gcc
configure:3260: result: none
configure:3282: checking how to run the C preprocessor
configure:3322: gcc -E  conftest.c
configure:3328: $? = 0
configure:3359: gcc -E  conftest.c
conftest.c:10:28: error: ac_nonexistent.h: No such file or directory
configure:3365: $? = 1
configure: failed program was:
| /* confdefs.h.  */
| #define PACKAGE_NAME ""
| #define PACKAGE_TARNAME ""
| #define PACKAGE_VERSION ""
| #define PACKAGE_STRING ""
| #define PACKAGE_BUGREPORT ""
| #define PACKAGE "banner"
| #define VERSION "1.3.2"
| /* end confdefs.h.  */
| #include <ac_nonexistent.h>
configure:3398: result: gcc -E
configure:3427: gcc -E  conftest.c
configure:3433: $? = 0
configure:3464: gcc -E  conftest.c
conftest.c:10:28: error: ac_nonexistent.h: No such file or directory
configure:3470: $? = 1
configure: failed program was:
| /* confdefs.h.  */
| #define PACKAGE_NAME ""
| #define PACKAGE_TARNAME ""
| #define PACKAGE_VERSION ""
| #define PACKAGE_STRING ""
| #define PACKAGE_BUGREPORT ""
| #define PACKAGE "banner"
| #define VERSION "1.3.2"
| /* end confdefs.h.  */
| #include <ac_nonexistent.h>
configure:3520: checking for a BSD-compatible install
configure:3576: result: /usr/bin/install -c
configure:3590: checking for grep that handles long lines and -e
configure:3664: result: /bin/grep
configure:3669: checking for egrep
configure:3747: result: /bin/grep -E
configure:3752: checking for ANSI C header files
configure:3782: gcc -c -g -O2  conftest.c >&5
configure:3788: $? = 0
configure:3887: gcc -o conftest -g -O2   conftest.c  >&5
configure:3890: $? = 0
configure:3896: ./conftest
configure:3899: $? = 0
configure:3916: result: yes
configure:3940: checking for sys/types.h
configure:3961: gcc -c -g -O2  conftest.c >&5
configure:3967: $? = 0
configure:3983: result: yes
configure:3940: checking for sys/stat.h
configure:3961: gcc -c -g -O2  conftest.c >&5
configure:3967: $? = 0
configure:3983: result: yes
configure:3940: checking for stdlib.h
configure:3961: gcc -c -g -O2  conftest.c >&5
configure:3967: $? = 0
configure:3983: result: yes
configure:3940: checking for string.h
configure:3961: gcc -c -g -O2  conftest.c >&5
configure:3967: $? = 0
configure:3983: result: yes
configure:3940: checking for memory.h
configure:3961: gcc -c -g -O2  conftest.c >&5
configure:3967: $? = 0
configure:3983: result: yes
configure:3940: checking for strings.h
configure:3961: gcc -c -g -O2  conftest.c >&5
configure:3967: $? = 0
configure:3983: result: yes
configure:3940: checking for inttypes.h
configure:3961: gcc -c -g -O2  conftest.c >&5
configure:3967: $? = 0
configure:3983: result: yes
configure:3940: checking for stdint.h
configure:3961: gcc -c -g -O2  conftest.c >&5
configure:3967: $? = 0
configure:3983: result: yes
configure:3940: checking for unistd.h
configure:3961: gcc -c -g -O2  conftest.c >&5
configure:3967: $? = 0
configure:3983: result: yes
configure:4001: checking for stdlib.h
configure:4007: result: yes
configure:4001: checking for string.h
configure:4007: result: yes
configure:4253: creating ./config.status

## ---------------------- ##
## Running config.status. ##
## ---------------------- ##

This file was extended by config.status, which was
generated by GNU Autoconf 2.61.  Invocation command line was

  CONFIG_FILES    = 
  CONFIG_HEADERS  = 
  CONFIG_LINKS    = 
  CONFIG_COMMANDS = 
  $ ./config.status 

on master

config.status:633: creating Makefile
config.status:633: creating config.h
config.status:901: executing depfiles commands

## ---------------- ##
## Cache variables. ##
## ---------------- ##

ac_cv_c_compiler_gnu=yes
ac_cv_env_CC_set=
ac_cv_env_CC_value=
ac_cv_env_CFLAGS_set=
ac_cv_env_CFLAGS_value=
ac_cv_env_CPPFLAGS_set=
ac_cv_env_CPPFLAGS_value=
ac_cv_env_CPP_set=
ac_cv_env_CPP_value=
ac_cv_env_LDFLAGS_set=
ac_cv_env_LDFLAGS_value=
ac_cv_env_LIBS_set=
ac_cv_env_LIBS_value=
ac_cv_env_build_alias_set=
ac_cv_env_build_alias_value=
ac_cv_env_host_alias_set=
ac_cv_env_host_alias_value=
ac_cv_env_target_alias_set=
ac_cv_env_target_alias_value=
ac_cv_header_inttypes_h=yes
ac_cv_header_memory_h=yes
ac_cv_header_stdc=yes
ac_cv_header_stdint_h=yes
ac_cv_header_stdlib_h=yes
ac_cv_header_string_h=yes
ac_cv_header_strings_h=yes
ac_cv_header_sys_stat_h=yes
ac_cv_header_sys_types_h=yes
ac_cv_header_unistd_h=yes
ac_cv_objext=o
ac_cv_path_EGREP='/bin/grep -E'
ac_cv_path_GREP=/bin/grep
ac_cv_path_install='/usr/bin/install -c'
ac_cv_prog_AWK=gawk
ac_cv_prog_CPP='gcc -E'
ac_cv_prog_ac_ct_CC=gcc
ac_cv_prog_cc_c89=
ac_cv_prog_cc_g=yes
ac_cv_prog_make_make_set=yes
am_cv_CC_dependencies_compiler_type=none

## ----------------- ##
## Output variables. ##
## ----------------- ##

ACLOCAL='aclocal-1.9'
AMDEPBACKSLASH='\'
AMDEP_FALSE='#'
AMDEP_TRUE=''
AMTAR='tar'
AUTOCONF='autoconf'
AUTOHEADER='autoheader'
AUTOMAKE='automake-1.9'
AWK='gawk'
CC='gcc'
CCDEPMODE='depmode=none'
CFLAGS='-g -O2'
CPP='gcc -E'
CPPFLAGS=''
CYGPATH_W='echo'
DEFS='-DHAVE_CONFIG_H'
DEPDIR='.deps'
ECHO_C=''
ECHO_N='-n'
ECHO_T=''
EGREP='/bin/grep -E'
EXEEXT=''
GREP='/bin/grep'
INSTALL_DATA='${INSTALL} -m 644'
INSTALL_PROGRAM='${INSTALL}'
INSTALL_SCRIPT='${INSTALL}'
INSTALL_STRIP_PROGRAM='${SHELL} $(install_sh) -c -s'
LDFLAGS=''
LIBOBJS=''
LIBS=''
LTLIBOBJS=''
MAKEINFO='makeinfo'
OBJEXT='o'
PACKAGE='banner'
PACKAGE_BUGREPORT=''
PACKAGE_NAME=''
PACKAGE_STRING=''
PACKAGE_TARNAME=''
PACKAGE_VERSION=''
PATH_SEPARATOR=':'
SET_MAKE=''
SHELL='/bin/sh'
STRIP=''
VERSION='1.3.2'
ac_ct_CC='gcc'
am__fastdepCC_FALSE=''
am__fastdepCC_TRUE='#'
am__include='include'
am__leading_dot='.'
am__quote=''
am__tar='${AMTAR} chof - "$$tardir"'
am__untar='${AMTAR} xf -'
bindir='${exec_prefix}/bin'
build_alias=''
datadir='${datarootdir}'
datarootdir='${prefix}/share'
docdir='${datarootdir}/doc/${PACKAGE}'
dvidir='${docdir}'
exec_prefix='${prefix}'
host_alias=''
htmldir='${docdir}'
includedir='${prefix}/include'
infodir='${datarootdir}/info'
install_sh='/root/localmirror/repodata/banner-1.3.2/install-sh'
libdir='${exec_prefix}/lib'
libexecdir='${exec_prefix}/libexec'
localedir='${datarootdir}/locale'
localstatedir='${prefix}/var'
mandir='${datarootdir}/man'
mkdir_p='mkdir -p --'
oldincludedir='/usr/include'
pdfdir='${docdir}'
prefix='/usr/local'
program_transform_name='s,x,x,'
psdir='${docdir}'
sbindir='${exec_prefix}/sbin'
sharedstatedir='${prefix}/com'
sysconfdir='${prefix}/etc'
target_alias=''

## ----------- ##
## confdefs.h. ##
## ----------- ##

#define PACKAGE_NAME ""
#define PACKAGE_TARNAME ""
#define PACKAGE_VERSION ""
#define PACKAGE_STRING ""
#define PACKAGE_BUGREPORT ""
#define PACKAGE "banner"
#define VERSION "1.3.2"
#define STDC_HEADERS 1
#define HAVE_SYS_TYPES_H 1
#define HAVE_SYS_STAT_H 1
#define HAVE_STDLIB_H 1
#define HAVE_STRING_H 1
#define HAVE_MEMORY_H 1
#define HAVE_STRINGS_H 1
#define HAVE_INTTYPES_H 1
#define HAVE_STDINT_H 1
#define HAVE_UNISTD_H 1
#define HAVE_STDLIB_H 1
#define HAVE_STRING_H 1

configure: exit 0
